<?xml version="1.0" encoding="UTF-8"?>
<!-- Generated by org.testng.reporters.JUnitReportReporter -->
<testsuite hostname="DESKTOP-QG2G1H1" failures="0" tests="13" name="runner.TestRunner" time="121.324" errors="0" timestamp="2024-07-25T22:55:53 IST" skipped="0">
  <testcase classname="runner.TestRunner" name="runScenario" time="23.069"/>
  <testcase classname="runner.TestRunner" name="runScenario" time="14.035"/>
  <testcase classname="runner.TestRunner" name="runScenario" time="6.542"/>
  <testcase classname="runner.TestRunner" name="runScenario" time="5.518"/>
  <testcase classname="runner.TestRunner" name="runScenario" time="4.600"/>
  <testcase classname="runner.TestRunner" name="runScenario" time="6.181"/>
  <testcase classname="runner.TestRunner" name="runScenario" time="4.894"/>
  <testcase classname="runner.TestRunner" name="runScenario" time="5.330"/>
  <testcase classname="runner.TestRunner" name="runScenario" time="8.569"/>
  <testcase classname="runner.TestRunner" name="runScenario" time="14.283"/>
  <testcase classname="runner.TestRunner" name="runScenario" time="14.004"/>
  <testcase classname="runner.TestRunner" name="runScenario" time="6.383"/>
  <testcase classname="runner.TestRunner" name="runScenario" time="7.916"/>
</testsuite> <!-- runner.TestRunner -->
