<?xml version="1.0" encoding="UTF-8"?>
<!-- Generated by org.testng.reporters.JUnitReportReporter -->
<testsuite hostname="DESKTOP-QG2G1H1" failures="0" tests="13" name="runner.TestRunner" time="118.162" errors="0" timestamp="2024-07-25T23:03:54 IST" skipped="0">
  <testcase classname="runner.TestRunner" name="runScenario" time="14.165"/>
  <testcase classname="runner.TestRunner" name="runScenario" time="5.844"/>
  <testcase classname="runner.TestRunner" name="runScenario" time="13.999"/>
  <testcase classname="runner.TestRunner" name="runScenario" time="4.741"/>
  <testcase classname="runner.TestRunner" name="runScenario" time="22.230"/>
  <testcase classname="runner.TestRunner" name="runScenario" time="5.858"/>
  <testcase classname="runner.TestRunner" name="runScenario" time="5.663"/>
  <testcase classname="runner.TestRunner" name="runScenario" time="9.917"/>
  <testcase classname="runner.TestRunner" name="runScenario" time="5.181"/>
  <testcase classname="runner.TestRunner" name="runScenario" time="4.334"/>
  <testcase classname="runner.TestRunner" name="runScenario" time="14.660"/>
  <testcase classname="runner.TestRunner" name="runScenario" time="4.923"/>
  <testcase classname="runner.TestRunner" name="runScenario" time="6.647"/>
</testsuite> <!-- runner.TestRunner -->
